<?xml version="1.0" encoding="UTF-8" ?>
<testsuite errors="0" failures="0" hostname="argallososa" name="calculadora.testRunner" skipped="0" tests="60" time="0.39" timestamp="2015-11-20T12:50:02">
  <properties>
[...]
</properties>
  <testcase classname="Scenario: Suma uno" name="Given los parametros &apos;7&apos;, y &apos;14&apos;" time="0.0" />
  <testcase classname="Scenario: Suma uno" name="When el operador sea &apos;sumar&apos;" time="0.0" />
  <testcase classname="Scenario: Suma uno" name="Then solucion &apos;21&apos;" time="0.0" />
  <testcase classname="junit.framework.TestSuite" name="Scenario: Suma uno" time="0.125" />
  <testcase classname="Scenario: Suma dos" name="Given los parametros &apos;9&apos;, y &apos;3&apos;" time="0.0" />
  <testcase classname="Scenario: Suma dos" name="When el operador sea &apos;sumar&apos;" time="0.0" />
  <testcase classname="Scenario: Suma dos" name="Then solucion &apos;12&apos;" time="0.0" />
  <testcase classname="junit.framework.TestSuite" name="Scenario: Suma dos" time="0.016" />
  <testcase classname="Scenario: Resta uno" name="Given los parametros &apos;7&apos;, y &apos;14&apos;" time="0.0" />
  <testcase classname="Scenario: Resta uno" name="When el operador sea &apos;restar&apos;" time="0.0" />
  <testcase classname="Scenario: Resta uno" name="Then solucion &apos;-7&apos;" time="0.0" />
  <testcase classname="junit.framework.TestSuite" name="Scenario: Resta uno" time="0.015" />
  <testcase classname="Scenario: Resta dos" name="Given los parametros &apos;9&apos;, y &apos;3&apos;" time="0.0" />
  <testcase classname="Scenario: Resta dos" name="When el operador sea &apos;restar&apos;" time="0.0" />
  <testcase classname="Scenario: Resta dos" name="Then solucion &apos;6&apos;" time="0.0" />
  <testcase classname="junit.framework.TestSuite" name="Scenario: Resta dos" time="0.016" />
  <testcase classname="Scenario: Multiplicacion" name="Given los parametros &apos;9&apos;, y &apos;3&apos;" time="0.0" />
  <testcase classname="Scenario: Multiplicacion" name="When el operador sea &apos;multiplicar&apos;" time="0.0" />
  <testcase classname="Scenario: Multiplicacion" name="Then solucion &apos;27&apos;" time="0.016" />
  <testcase classname="junit.framework.TestSuite" name="Scenario: Multiplicacion" time="0.016" />
  <testcase classname="Scenario: Division" name="Given los parametros &apos;9&apos;, y &apos;3&apos;" time="0.0" />
  <testcase classname="Scenario: Division" name="When el operador sea &apos;dividir&apos;" time="0.0" />
  <testcase classname="Scenario: Division" name="Then solucion &apos;3&apos;" time="0.0" />
  <testcase classname="junit.framework.TestSuite" name="Scenario: Division" time="0.0" />
  <testcase classname="| 12 | 5 | &quot;sumar&quot; | 17 |" name="Given parametros 12 y 5" time="0.0" />
  <testcase classname="| 12 | 5 | &quot;sumar&quot; | 17 |" name="When el operador es &quot;sumar&quot;" time="0.0" />
  <testcase classname="| 12 | 5 | &quot;sumar&quot; | 17 |" name="Then el resultado deberia ser 17" time="0.0" />
  <testcase classname="junit.framework.TestSuite" name="| 12 | 5 | &quot;sumar&quot; | 17 |" time="0.015" />
  <testcase classname="| 20 | 5 | &quot;restar&quot; | 15 |" name="Given parametros 20 y 5" time="0.0" />
  <testcase classname="| 20 | 5 | &quot;restar&quot; | 15 |" name="When el operador es &quot;restar&quot;" time="0.0" />
  <testcase classname="| 20 | 5 | &quot;restar&quot; | 15 |" name="Then el resultado deberia ser 15" time="0.0" />
  <testcase classname="junit.framework.TestSuite" name="| 20 | 5 | &quot;restar&quot; | 15 |" time="0.0" />
  <testcase classname="| 35 | 7 | &quot;dividir&quot; | 5 |" name="Given parametros 35 y 7" time="0.0" />
  <testcase classname="| 35 | 7 | &quot;dividir&quot; | 5 |" name="When el operador es &quot;dividir&quot;" time="0.0" />
  <testcase classname="| 35 | 7 | &quot;dividir&quot; | 5 |" name="Then el resultado deberia ser 5" time="0.0" />
  <testcase classname="junit.framework.TestSuite" name="| 35 | 7 | &quot;dividir&quot; | 5 |" time="0.016" />
  <testcase classname="| 4 | 2 | &quot;multiplicar&quot; | 8 |" name="Given parametros 4 y 2" time="0.0" />
  <testcase classname="| 4 | 2 | &quot;multiplicar&quot; | 8 |" name="When el operador es &quot;multiplicar&quot;" time="0.0" />
  <testcase classname="| 4 | 2 | &quot;multiplicar&quot; | 8 |" name="Then el resultado deberia ser 8" time="0.0" />
  <testcase classname="junit.framework.TestSuite" name="| 4 | 2 | &quot;multiplicar&quot; | 8 |" time="0.0" />
  <system-out><![CDATA[@Run
Feature: calculadora
  Este escenario comprobar? el comportamiento de una calculadora al pasarle algunos par?metros

  Scenario: Suma uno                 # calculadora/calculadora.feature:5
    Given los parametros '7', y '14' # claseCambio.mandarParametros(float,float)
    When el operador sea 'sumar'     # claseCambio.hacerOperacion(String)
    Then solucion '21'               # claseCambio.Soluciones(float)

  Scenario: Suma dos                # calculadora/calculadora.feature:10
    Given los parametros '9', y '3' # claseCambio.mandarParametros(float,float)
    When el operador sea 'sumar'    # claseCambio.hacerOperacion(String)
    Then solucion '12'              # claseCambio.Soluciones(float)

  Scenario: Resta uno                # calculadora/calculadora.feature:15
    Given los parametros '7', y '14' # claseCambio.mandarParametros(float,float)
    When el operador sea 'restar'    # claseCambio.hacerOperacion(String)
    Then solucion '-7'               # claseCambio.Soluciones(float)

  Scenario: Resta dos               # calculadora/calculadora.feature:20
    Given los parametros '9', y '3' # claseCambio.mandarParametros(float,float)
    When el operador sea 'restar'   # claseCambio.hacerOperacion(String)
    Then solucion '6'               # claseCambio.Soluciones(float)

  Scenario: Multiplicacion             # calculadora/calculadora.feature:25
    Given los parametros '9', y '3'    # claseCambio.mandarParametros(float,float)
    When el operador sea 'multiplicar' # claseCambio.hacerOperacion(String)
    Then solucion '27'                 # claseCambio.Soluciones(float)

  Scenario: Division                # calculadora/calculadora.feature:30
    Given los parametros '9', y '3' # claseCambio.mandarParametros(float,float)
    When el operador sea 'dividir'  # claseCambio.hacerOperacion(String)
    Then solucion '3'               # claseCambio.Soluciones(float)

  Scenario Outline: tablas                    # calculadora/calculadora.feature:36
    Given parametros <uno> y <dos>
    When el operador es <operando>
    Then el resultado deberia ser <resultado>

    Examples: 

  @Run
  Scenario Outline: tablas           # calculadora/calculadora.feature:43
    Given parametros 12 y 5          # claseCambio.mandarParametrosTabla(float,float)
    When el operador es "sumar"      # claseCambio.hacerOperacionTabla(String)
    Then el resultado deberia ser 17 # claseCambio.SolucionesTabla(float)

  @Run
  Scenario Outline: tablas           # calculadora/calculadora.feature:44
    Given parametros 20 y 5          # claseCambio.mandarParametrosTabla(float,float)
    When el operador es "restar"     # claseCambio.hacerOperacionTabla(String)
    Then el resultado deberia ser 15 # claseCambio.SolucionesTabla(float)

  @Run
  Scenario Outline: tablas          # calculadora/calculadora.feature:45
    Given parametros 35 y 7         # claseCambio.mandarParametrosTabla(float,float)
    When el operador es "dividir"   # claseCambio.hacerOperacionTabla(String)
    Then el resultado deberia ser 5 # claseCambio.SolucionesTabla(float)

  @Run
  Scenario Outline: tablas            # calculadora/calculadora.feature:46
    Given parametros 4 y 2            # claseCambio.mandarParametrosTabla(float,float)
    When el operador es "multiplicar" # claseCambio.hacerOperacionTabla(String)
    Then el resultado deberia ser 8   # claseCambio.SolucionesTabla(float)

10 Scenarios (10 passed)
30 Steps (30 passed)
0m0,125s

]]></system-out>
  <system-err><![CDATA[]]></system-err>
</testsuite>
