<?xml version="1.0" encoding="UTF-8" ?>
<testsuite tests="60" failures="0" name="calculadora.RunnerTest" time="0.025" errors="0" skipped="0">
  <properties>
[...]
</properties>
  <testcase classname="Scenario: Suma uno" name="Given los parametros &apos;1&apos;, y &apos;1&apos;" time="0.003"/>
  <testcase classname="Scenario: Suma uno" name="When el operador sea &apos;sumar&apos;" time="0"/>
  <testcase classname="Scenario: Suma uno" name="Then solucion &apos;2&apos;" time="0"/>
  <testcase classname="Scenario: Suma uno" name="Scenario: Suma uno" time="0"/>
  <testcase classname="| 1 | 5 | &quot;sumar&quot; | 6 |" name="Given parametros 1 y 5" time="0"/>
  <testcase classname="| 1 | 5 | &quot;sumar&quot; | 6 |" name="When el operador es &quot;sumar&quot;" time="0.002"/>
  <testcase classname="| 1 | 5 | &quot;sumar&quot; | 6 |" name="Then el resultado deberia ser 6" time="0"/>
  <testcase classname="| 1 | 5 | &quot;sumar&quot; | 6 |" name="| 1 | 5 | &quot;sumar&quot; | 6 |" time="0.003"/>
  <testcase classname="| 20 | 13 | &quot;restar&quot; | 7 |" name="Given parametros 20 y 13" time="0"/>
  <testcase classname="| 20 | 13 | &quot;restar&quot; | 7 |" name="When el operador es &quot;restar&quot;" time="0.001"/>
  <testcase classname="| 20 | 13 | &quot;restar&quot; | 7 |" name="Then el resultado deberia ser 7" time="0"/>
  <testcase classname="| 20 | 13 | &quot;restar&quot; | 7 |" name="| 20 | 13 | &quot;restar&quot; | 7 |" time="0"/>
  <testcase classname="| 35 | 7 | &quot;dividir&quot; | 5 |" name="Given parametros 35 y 7" time="0.001"/>
  <testcase classname="| 35 | 7 | &quot;dividir&quot; | 5 |" name="When el operador es &quot;dividir&quot;" time="0"/>
  <testcase classname="| 35 | 7 | &quot;dividir&quot; | 5 |" name="Then el resultado deberia ser 5" time="0"/>
  <testcase classname="| 35 | 7 | &quot;dividir&quot; | 5 |" name="| 35 | 7 | &quot;dividir&quot; | 5 |" time="0"/>
  <testcase classname="| 4 | 9 | &quot;multiplicar&quot; | 36 |" name="Given parametros 4 y 9" time="0"/>
  <testcase classname="| 4 | 9 | &quot;multiplicar&quot; | 36 |" name="When el operador es &quot;multiplicar&quot;" time="0"/>
  <testcase classname="| 4 | 9 | &quot;multiplicar&quot; | 36 |" name="Then el resultado deberia ser 36" time="0"/>
  <testcase classname="| 4 | 9 | &quot;multiplicar&quot; | 36 |" name="| 4 | 9 | &quot;multiplicar&quot; | 36 |" time="0.001"/>
  <testcase classname="Scenario: Suma uno" name="Given los parametros &apos;7&apos;, y &apos;14&apos;" time="0"/>
  <testcase classname="Scenario: Suma uno" name="When el operador sea &apos;sumar&apos;" time="0"/>
  <testcase classname="Scenario: Suma uno" name="Then solucion &apos;21&apos;" time="0"/>
  <testcase classname="Scenario: Suma uno" name="Scenario: Suma uno" time="0.001"/>
  <testcase classname="Scenario: Suma dos" name="Given los parametros &apos;9&apos;, y &apos;3&apos;" time="0"/>
  <testcase classname="Scenario: Suma dos" name="When el operador sea &apos;sumar&apos;" time="0"/>
  <testcase classname="Scenario: Suma dos" name="Then solucion &apos;12&apos;" time="0"/>
  <testcase classname="Scenario: Suma dos" name="Scenario: Suma dos" time="0.001"/>
  <testcase classname="Scenario: Resta uno" name="Given los parametros &apos;7&apos;, y &apos;14&apos;" time="0"/>
  <testcase classname="Scenario: Resta uno" name="When el operador sea &apos;restar&apos;" time="0"/>
  <testcase classname="Scenario: Resta uno" name="Then solucion &apos;-7&apos;" time="0"/>
  <testcase classname="Scenario: Resta uno" name="Scenario: Resta uno" time="0.002"/>
  <testcase classname="Scenario: Resta dos" name="Given los parametros &apos;9&apos;, y &apos;3&apos;" time="0"/>
  <testcase classname="Scenario: Resta dos" name="When el operador sea &apos;restar&apos;" time="0.002"/>
  <testcase classname="Scenario: Resta dos" name="Then solucion &apos;6&apos;" time="0.001"/>
  <testcase classname="Scenario: Resta dos" name="Scenario: Resta dos" time="0.002"/>
  <testcase classname="Scenario: Multiplicacion" name="Given los parametros &apos;9&apos;, y &apos;3&apos;" time="0"/>
  <testcase classname="Scenario: Multiplicacion" name="When el operador sea &apos;multiplicar&apos;" time="0"/>
  <testcase classname="Scenario: Multiplicacion" name="Then solucion &apos;27&apos;" time="0"/>
  <testcase classname="Scenario: Multiplicacion" name="Scenario: Multiplicacion" time="0.001"/>
  <testcase classname="Scenario: Division" name="Given los parametros &apos;9&apos;, y &apos;3&apos;" time="0.001"/>
  <testcase classname="Scenario: Division" name="When el operador sea &apos;dividir&apos;" time="0"/>
  <testcase classname="Scenario: Division" name="Then solucion &apos;3&apos;" time="0"/>
  <testcase classname="Scenario: Division" name="Scenario: Division" time="0"/>
  <testcase classname="| 12 | 5 | &quot;sumar&quot; | 17 |" name="Given parametros 12 y 5" time="0"/>
  <testcase classname="| 12 | 5 | &quot;sumar&quot; | 17 |" name="When el operador es &quot;sumar&quot;" time="0"/>
  <testcase classname="| 12 | 5 | &quot;sumar&quot; | 17 |" name="Then el resultado deberia ser 17" time="0"/>
  <testcase classname="| 12 | 5 | &quot;sumar&quot; | 17 |" name="| 12 | 5 | &quot;sumar&quot; | 17 |" time="0"/>
  <testcase classname="| 20 | 5 | &quot;restar&quot; | 15 |" name="Given parametros 20 y 5" time="0"/>
  <testcase classname="| 20 | 5 | &quot;restar&quot; | 15 |" name="When el operador es &quot;restar&quot;" time="0"/>
  <testcase classname="| 20 | 5 | &quot;restar&quot; | 15 |" name="Then el resultado deberia ser 15" time="0"/>
  <testcase classname="| 20 | 5 | &quot;restar&quot; | 15 |" name="| 20 | 5 | &quot;restar&quot; | 15 |" time="0"/>
  <testcase classname="| 35 | 7 | &quot;dividir&quot; | 5 |" name="Given parametros 35 y 7" time="0"/>
  <testcase classname="| 35 | 7 | &quot;dividir&quot; | 5 |" name="When el operador es &quot;dividir&quot;" time="0.001"/>
  <testcase classname="| 35 | 7 | &quot;dividir&quot; | 5 |" name="Then el resultado deberia ser 5" time="0"/>
  <testcase classname="| 35 | 7 | &quot;dividir&quot; | 5 |" name="| 35 | 7 | &quot;dividir&quot; | 5 |" time="0.001"/>
  <testcase classname="| 4 | 2 | &quot;multiplicar&quot; | 8 |" name="Given parametros 4 y 2" time="0"/>
  <testcase classname="| 4 | 2 | &quot;multiplicar&quot; | 8 |" name="When el operador es &quot;multiplicar&quot;" time="0"/>
  <testcase classname="| 4 | 2 | &quot;multiplicar&quot; | 8 |" name="Then el resultado deberia ser 8" time="0"/>
  <testcase classname="| 4 | 2 | &quot;multiplicar&quot; | 8 |" name="| 4 | 2 | &quot;multiplicar&quot; | 8 |" time="0.001"/>
</testsuite>